bn/timex2norm/CNN_ENG_20030416_160804.4
bn/timex2norm/CNNHL_ENG_20030603_230307.3
bn/timex2norm/CNN_ENG_20030415_183752.14
bn/timex2norm/CNN_ENG_20030506_163523.22
bn/timex2norm/CNN_ENG_20030605_065831.18
bn/timex2norm/CNN_ENG_20030304_173120.16
bn/timex2norm/CNN_ENG_20030328_150609.10
bn/timex2norm/CNN_ENG_20030408_200618.14
bn/timex2norm/CNN_ENG_20030619_125955.10
bn/timex2norm/CNN_ENG_20030604_092828.7
bn/timex2norm/CNN_ENG_20030421_120508.17
bn/timex2norm/CNN_ENG_20030404_073033.4
bn/timex2norm/CNN_ENG_20030625_220123.3
bn/timex2norm/CNNHL_ENG_20030513_183907.5
bn/timex2norm/CNN_ENG_20030513_113501.6
bn/timex2norm/CNNHL_ENG_20030618_230303.36
bn/timex2norm/CNN_ENG_20030527_215946.12
bn/timex2norm/CNN_ENG_20030325_150531.10
bn/timex2norm/CNNHL_ENG_20030429_220618.15
bn/timex2norm/CNNHL_ENG_20030625_230351.4
bn/timex2norm/CNN_ENG_20030616_130059.25
bn/timex2norm/CNN_ENG_20030610_130042.17
bn/timex2norm/CNN_ENG_20030306_070606.18
bn/timex2norm/CNNHL_ENG_20030519_124020.23
bn/timex2norm/CNNHL_ENG_20030410_193626.13
bn/timex2norm/CNN_ENG_20030618_150128.5
bn/timex2norm/CNN_ENG_20030630_085848.18
bn/timex2norm/CNN_ENG_20030605_223004.4
bn/timex2norm/CNN_ENG_20030424_113549.11
bn/timex2norm/CNN_ENG_20030610_123040.9
bn/timex2norm/CNNHL_ENG_20030616_230155.7
bn/timex2norm/CNNHL_ENG_20030416_133739.13
bn/timex2norm/CNN_ENG_20030418_063040.1
bn/timex2norm/CNN_ENG_20030529_085826.10
bn/timex2norm/CNNHL_ENG_20030403_133453.21
bn/timex2norm/CNN_ENG_20030512_190454.7
bn/timex2norm/CNN_ENG_20030403_060032.0
bn/timex2norm/CNN_ENG_20030428_173654.13
bn/timex2norm/CNN_ENG_20030425_063006.5
bn/timex2norm/CNN_ENG_20030526_133535.4
bn/timex2norm/CNN_ENG_20030408_153616.9
bn/timex2norm/CNN_ENG_20030528_165958.16
bn/timex2norm/CNNHL_ENG_20030403_193455.30
bn/timex2norm/CNN_ENG_20030514_130518.5
bn/timex2norm/CNNHL_ENG_20030411_230640.38
bn/timex2norm/CNN_ENG_20030424_173553.8
bn/timex2norm/CNN_ENG_20030622_173306.9
bn/timex2norm/CNN_ENG_20030605_105831.11
bn/timex2norm/CNN_ENG_20030618_193127.17
bn/timex2norm/CNN_ENG_20030619_115954.4
bn/timex2norm/CNN_ENG_20030619_115954.10
bn/timex2norm/CNN_ENG_20030417_063039.0
bn/timex2norm/CNNHL_ENG_20030616_230155.28
bn/timex2norm/CNN_ENG_20030612_173004.10
bn/timex2norm/CNN_ENG_20030416_190806.4
bn/timex2norm/CNNHL_ENG_20030505_220734.25
bn/timex2norm/CNN_ENG_20030513_160506.16
bn/timex2norm/CNN_ENG_20030403_090032.1
bn/timex2norm/CNN_ENG_20030430_093016.0
bn/timex2norm/CNN_ENG_20030429_190711.14
bn/timex2norm/CNNHL_ENG_20030618_230303.6
bn/timex2norm/CNNHL_ENG_20030624_133331.33
bn/timex2norm/CNNHL_ENG_20030428_123600.14
bn/timex2norm/CNN_ENG_20030403_183513.1
bn/timex2norm/CNN_ENG_20030404_163526.10
bn/timex2norm/CNN_ENG_20030621_115841.16
bn/timex2norm/CNNHL_ENG_20030430_220712.37
bn/timex2norm/CNN_ENG_20030605_193002.8
bn/timex2norm/CNN_ENG_20030403_180511.16
bn/timex2norm/CNN_ENG_20030525_160525.13
bn/timex2norm/CNN_ENG_20030610_133041.17
bn/timex2norm/CNN_ENG_20030610_095857.4
bn/timex2norm/CNN_ENG_20030612_173004.2
bn/timex2norm/CNN_ENG_20030525_143522.8
bn/timex2norm/CNN_ENG_20030312_223733.14
bn/timex2norm/CNN_ENG_20030421_120508.13
bn/timex2norm/CNN_ENG_20030620_085840.7
bn/timex2norm/CNN_ENG_20030625_210122.0
bn/timex2norm/CNN_ENG_20030604_102828.6
bn/timex2norm/CNN_ENG_20030603_095830.17
bn/timex2norm/CNN_ENG_20030612_160005.13
bn/timex2norm/CNN_ENG_20030602_072826.1
bn/timex2norm/CNNHL_ENG_20030424_123502.25
bn/timex2norm/CNN_ENG_20030630_075848.7
bn/timex2norm/CNN_ENG_20030425_133605.6
bn/timex2norm/CNN_ENG_20030418_130831.5
bn/timex2norm/CNN_ENG_20030617_112838.4
bn/timex2norm/CNN_ENG_20030614_173123.4
bn/timex2norm/CNN_ENG_20030626_203133.11
bn/timex2norm/CNN_ENG_20030515_063019.6
bn/timex2norm/CNNHL_ENG_20030513_220910.11
bn/timex2norm/CNN_ENG_20030515_073019.7
bn/timex2norm/CNNHL_ENG_20030625_193346.7
bn/timex2norm/CNN_ENG_20030524_143511.4
bn/timex2norm/CNN_ENG_20030430_160723.6
bn/timex2norm/CNN_ENG_20030602_102826.13
bn/timex2norm/CNN_ENG_20030418_163834.14
bn/timex2norm/CNN_ENG_20030529_130011.6
bn/timex2norm/CNN_ENG_20030426_160621.0
bn/timex2norm/CNN_ENG_20030602_133012.9
bn/timex2norm/CNN_ENG_20030318_140851.8
bn/timex2norm/CNN_ENG_20030331_193655.14
bn/timex2norm/CNN_ENG_20030421_090007.11
bn/timex2norm/CNNHL_ENG_20030526_221156.39
bn/timex2norm/CNN_ENG_20030422_213527.4
bn/timex2norm/CNN_ENG_20030611_175950.5
bn/timex2norm/CNN_ENG_20030617_173115.22
bn/timex2norm/CNN_ENG_20030508_210555.5
bn/timex2norm/CNN_ENG_20030610_105832.1
bn/timex2norm/CNN_ENG_20030402_190500.11
bn/timex2norm/CNN_ENG_20030408_083034.11
bn/timex2norm/CNN_ENG_20030605_153000.9
bn/timex2norm/CNNHL_ENG_20030416_193742.7
bn/timex2norm/CNN_ENG_20030512_170454.13
bn/timex2norm/CNN_ENG_20030429_143706.14
bn/timex2norm/CNN_ENG_20030607_173310.4
bn/timex2norm/CNN_ENG_20030617_105836.4
bn/timex2norm/CNNHL_ENG_20030416_193742.26
bn/timex2norm/CNN_ENG_20030624_065843.24
bn/timex2norm/CNN_ENG_20030528_195959.20
bn/timex2norm/CNN_ENG_20030502_080020.7
bn/timex2norm/CNNHL_ENG_20030312_150218.13
bn/timex2norm/CNN_ENG_20030624_082841.12
bn/timex2norm/CNNHL_ENG_20030425_183518.12
bn/timex2norm/CNN_ENG_20030526_180540.6
bn/timex2norm/CNN_ENG_20030611_102832.4
bn/timex2norm/CNN_ENG_20030421_133510.6
bn/timex2norm/CNN_ENG_20030528_082823.9
bn/timex2norm/CNN_ENG_20030428_130651.4
bn/timex2norm/CNN_ENG_20030505_090022.1
bn/timex2norm/CNN_ENG_20030621_160254.25
bn/timex2norm/CNN_ENG_20030507_060023.1
bn/timex2norm/CNN_ENG_20030620_095840.4
bn/timex2norm/CNN_ENG_20030411_193701.3
bn/timex2norm/CNN_ENG_20030602_105829.2
bn/timex2norm/CNN_ENG_20030424_183556.7
bn/timex2norm/CNN_ENG_20030627_130145.6
bn/timex2norm/CNN_ENG_20030415_180754.5
bn/timex2norm/CNN_ENG_20030430_063016.14
bn/timex2norm/CNN_ENG_20030401_233449.5
bn/timex2norm/CNN_ENG_20030414_130735.7
bn/timex2norm/CNNHL_ENG_20030523_221118.14
bn/timex2norm/CNN_ENG_20030424_070008.15
bn/timex2norm/CNN_ENG_20030411_233701.11
bn/timex2norm/CNN_ENG_20030417_073039.2
bn/timex2norm/CNNHL_ENG_20030402_133449.22
bn/timex2norm/CNN_ENG_20030506_160524.18
bn/timex2norm/CNNHL_ENG_20030415_193729.5
bn/timex2norm/CNN_ENG_20030313_083739.0
bn/timex2norm/CNN_ENG_20030603_133025.7
bn/timex2norm/CNN_ENG_20030516_090022.7
bn/timex2norm/CNNHL_ENG_20030610_230438.14
bn/timex2norm/CNN_ENG_20030331_123648.4
bn/timex2norm/CNN_ENG_20030429_170710.4
nw/timex2norm/APW_ENG_20030404.0439
nw/timex2norm/XIN_ENG_20030314.0208
nw/timex2norm/XIN_ENG_20030624.0085
nw/timex2norm/AFP_ENG_20030320.0722
nw/timex2norm/AFP_ENG_20030327.0022
nw/timex2norm/APW_ENG_20030414.0392
nw/timex2norm/XIN_ENG_20030324.0191
nw/timex2norm/AFP_ENG_20030428.0720
nw/timex2norm/AFP_ENG_20030319.0879
nw/timex2norm/XIN_ENG_20030609.0118
nw/timex2norm/AFP_ENG_20030504.0248
nw/timex2norm/AFP_ENG_20030415.0734
nw/timex2norm/AFP_ENG_20030519.0372
nw/timex2norm/APW_ENG_20030415.0742
nw/timex2norm/APW_ENG_20030304.0555
nw/timex2norm/APW_ENG_20030408.0090
nw/timex2norm/APW_ENG_20030422.0485
nw/timex2norm/APW_ENG_20030508.0772
nw/timex2norm/APW_ENG_20030418.0084
nw/timex2norm/APW_ENG_20030403.0862
nw/timex2norm/NYT_ENG_20030602.0074
nw/timex2norm/XIN_ENG_20030317.0177
nw/timex2norm/APW_ENG_20030407.0030
nw/timex2norm/APW_ENG_20030603.0303
nw/timex2norm/AFP_ENG_20030417.0764
nw/timex2norm/APW_ENG_20030510.0228
nw/timex2norm/APW_ENG_20030520.0081
nw/timex2norm/AFP_ENG_20030417.0004
nw/timex2norm/APW_ENG_20030610.0554
nw/timex2norm/APW_ENG_20030423.0079
nw/timex2norm/APW_ENG_20030327.0376
nw/timex2norm/AFP_ENG_20030430.0075
nw/timex2norm/XIN_ENG_20030423.0011
nw/timex2norm/AFP_ENG_20030607.0030
nw/timex2norm/AFP_ENG_20030522.0878
nw/timex2norm/AFP_ENG_20030528.0561
nw/timex2norm/AFP_ENG_20030601.0262
nw/timex2norm/APW_ENG_20030406.0191
nw/timex2norm/XIN_ENG_20030610.0299
nw/timex2norm/APW_ENG_20030424.0532
nw/timex2norm/AFP_ENG_20030413.0098
nw/timex2norm/AFP_ENG_20030314.0238
nw/timex2norm/AFP_ENG_20030418.0556
nw/timex2norm/APW_ENG_20030412.0531
nw/timex2norm/APW_ENG_20030308.0314
nw/timex2norm/APW_ENG_20030424.0698
nw/timex2norm/AFP_ENG_20030425.0408
nw/timex2norm/APW_ENG_20030502.0686
nw/timex2norm/XIN_ENG_20030523.0202
nw/timex2norm/AFP_ENG_20030417.0307
nw/timex2norm/APW_ENG_20030411.0304
nw/timex2norm/NYT_ENG_20030403.0008
nw/timex2norm/AFP_ENG_20030617.0846
nw/timex2norm/AFP_ENG_20030616.0715
nw/timex2norm/AFP_ENG_20030508.0118
nw/timex2norm/AFP_ENG_20030527.0616
nw/timex2norm/AFP_ENG_20030311.0491
nw/timex2norm/AFP_ENG_20030530.0132
nw/timex2norm/APW_ENG_20030322.0119
nw/timex2norm/APW_ENG_20030319.0545
nw/timex2norm/XIN_ENG_20030616.0274
nw/timex2norm/APW_ENG_20030417.0555
nw/timex2norm/XIN_ENG_20030327.0202
nw/timex2norm/XIN_ENG_20030509.0137
nw/timex2norm/APW_ENG_20030513.0139
nw/timex2norm/AFP_ENG_20030305.0918
nw/timex2norm/APW_ENG_20030311.0775
nw/timex2norm/APW_ENG_20030326.0190
nw/timex2norm/APW_ENG_20030502.0470
nw/timex2norm/AFP_ENG_20030625.0057
nw/timex2norm/AFP_ENG_20030508.0357
nw/timex2norm/APW_ENG_20030306.0191
nw/timex2norm/AFP_ENG_20030630.0271
nw/timex2norm/XIN_ENG_20030425.0184
wl/timex2norm/MARKETVIEW_20050208.2059
wl/timex2norm/MARKBACKER_20041216.0656
wl/timex2norm/OIADVANTAGE_20050110.1009
wl/timex2norm/MARKETVIEW_20041211.1845
wl/timex2norm/BACONSREBELLION_20050222.0817
wl/timex2norm/AGGRESSIVEVOICEDAILY_20050224.2252
wl/timex2norm/MARKETVIEW_20041220.1537
wl/timex2norm/MARKBACKER_20050105.1526
wl/timex2norm/AGGRESSIVEVOICEDAILY_20050106.1310
wl/timex2norm/FLOPPINGACES_20041230.1844.003
wl/timex2norm/MARKETVIEW_20041217.0801
wl/timex2norm/BACONSREBELLION_20050217.0744
wl/timex2norm/MARKBACKER_20041117.0723
wl/timex2norm/MARKETVIEW_20041212.1447
wl/timex2norm/BACONSREBELLION_20050214.0944
wl/timex2norm/MARKETVIEW_20050225.0541
wl/timex2norm/MARKBACKER_20041217.1639
wl/timex2norm/OIADVANTAGE_20050103.0944
wl/timex2norm/BACONSREBELLION_20050123.1639
wl/timex2norm/AGGRESSIVEVOICEDAILY_20050105.1344
wl/timex2norm/MARKETVIEW_20050206.1951
wl/timex2norm/HEALINGIRAQ_20041108.1942.05
wl/timex2norm/OIADVANTAGE_20050109.1947
wl/timex2norm/AGGRESSIVEVOICEDAILY_20041215.2302
wl/timex2norm/AGGRESSIVEVOICEDAILY_20041218.0146
wl/timex2norm/MARKBACKER_20050103.0829
wl/timex2norm/BACONSREBELLION_20050205.1919
wl/timex2norm/AGGRESSIVEVOICEDAILY_20041203.1959
wl/timex2norm/MARKETVIEW_20050212.1717
wl/timex2norm/BACONSREBELLION_20050216.1536
wl/timex2norm/FLOPPINGACES_20041117.2002.024
wl/timex2norm/AGGRESSIVEVOICEDAILY_20050208.1142
wl/timex2norm/BACONSREBELLION_20050125.1108
wl/timex2norm/GETTINGPOLITICAL_20050105.0127.001
wl/timex2norm/MARKETVIEW_20050127.0716
wl/timex2norm/MARKETVIEW_20050105.1901
wl/timex2norm/MARKETVIEW_20050205.1358
wl/timex2norm/FLOPPINGACES_20041113.1528.042
wl/timex2norm/MARKETVIEW_20050222.1919
wl/timex2norm/MARKBACKER_20041103.1300
wl/timex2norm/BACONSREBELLION_20050218.1214
wl/timex2norm/AGGRESSIVEVOICEDAILY_20041226.1712
wl/timex2norm/MARKETVIEW_20050204.1322
wl/timex2norm/MARKETVIEW_20050126.0711
wl/timex2norm/MARKETVIEW_20041219.1509
wl/timex2norm/FLOPPINGACES_20050203.1953.038
wl/timex2norm/MARKETVIEW_20050204.1337
wl/timex2norm/BACONSREBELLION_20050227.1238
wl/timex2norm/MARKBACKER_20041206.0733
wl/timex2norm/AGGRESSIVEVOICEDAILY_20050224.1207
wl/timex2norm/MARKBACKER_20050105.1632
wl/timex2norm/MARKETVIEW_20050207.0746
wl/timex2norm/AGGRESSIVEVOICEDAILY_20041218.1004
wl/timex2norm/FLOPPINGACES_20041228.0927.010
wl/timex2norm/MARKBACKER_20041108.1507
wl/timex2norm/BACONSREBELLION_20050218.0848
wl/timex2norm/AGGRESSIVEVOICEDAILY_20041201.2313
wl/timex2norm/FLOPPINGACES_20050217.1237.014
wl/timex2norm/OIADVANTAGE_20050203.1000
wl/timex2norm/BACONSREBELLION_20050206.1345
wl/timex2norm/OIADVANTAGE_20041224.1007
wl/timex2norm/MARKBACKER_20041220.0919
wl/timex2norm/BACONSREBELLION_20050204.1326
wl/timex2norm/BACONSREBELLION_20050222.1348
wl/timex2norm/MARKETVIEW_20050204.1736
wl/timex2norm/AGGRESSIVEVOICEDAILY_20041223.1449
wl/timex2norm/MARKBACKER_20041119.1002
wl/timex2norm/MARKBACKER_20041202.0711
wl/timex2norm/AGGRESSIVEVOICEDAILY_20050203.1356
wl/timex2norm/BACONSREBELLION_20050210.0728
wl/timex2norm/OIADVANTAGE_20050203.2102
wl/timex2norm/BACONSREBELLION_20050216.1618
wl/timex2norm/MARKETVIEW_20050228.2211
wl/timex2norm/MARKBACKER_20041117.1107
wl/timex2norm/FLOPPINGACES_20041116.0833.027
wl/timex2norm/AGGRESSIVEVOICEDAILY_20050213.2123
wl/timex2norm/OIADVANTAGE_20050108.1323
wl/timex2norm/MARKETVIEW_20050214.2115
wl/timex2norm/AGGRESSIVEVOICEDAILY_20050113.1400
wl/timex2norm/AGGRESSIVEVOICEDAILY_20050107.2012
wl/timex2norm/OIADVANTAGE_20050105.0922
bc/timex2norm/CNN_IP_20030329.1600.00-2
bc/timex2norm/CNN_IP_20030329.1600.00-3
bc/timex2norm/CNN_CF_20030303.1900.00
bc/timex2norm/CNN_IP_20030329.1600.02
bc/timex2norm/CNN_IP_20030329.1600.01-3
bc/timex2norm/CNN_LE_20030504.1200.02-1
bc/timex2norm/CNN_CF_20030304.1900.04
bc/timex2norm/CNN_IP_20030409.1600.02
bc/timex2norm/CNN_CF_20030304.1900.06-2
bc/timex2norm/CNN_IP_20030329.1600.00-4
bc/timex2norm/CNN_CF_20030305.1900.00-2
bc/timex2norm/CNN_IP_20030410.1600.03-1
bc/timex2norm/CNN_CF_20030303.1900.06-1
bc/timex2norm/CNN_IP_20030403.1600.00-3
bc/timex2norm/CNN_CF_20030305.1900.06-2
bc/timex2norm/CNN_IP_20030402.1600.00-1
bc/timex2norm/CNN_IP_20030405.1600.01-1
bc/timex2norm/CNN_IP_20030402.1600.02-1
bc/timex2norm/CNN_CF_20030303.1900.06-2
bc/timex2norm/CNN_IP_20030330.1600.05-2
bc/timex2norm/CNN_IP_20030403.1600.00-1
bc/timex2norm/CNN_IP_20030410.1600.03-2
bc/timex2norm/CNN_IP_20030402.1600.00-3
bc/timex2norm/CNN_LE_20030504.1200.01
bc/timex2norm/CNN_CF_20030303.1900.02
bc/timex2norm/CNN_IP_20030405.1600.01-2
bc/timex2norm/CNN_CF_20030305.1900.00-3
bc/timex2norm/CNN_CF_20030305.1900.00-1
bc/timex2norm/CNN_IP_20030407.1600.05
bc/timex2norm/CNN_CF_20030305.1900.02
bc/timex2norm/CNN_CF_20030304.1900.02
bc/timex2norm/CNN_IP_20030403.1600.00-4
bc/timex2norm/CNN_LE_20030504.1200.02-2
bc/timex2norm/CNN_IP_20030403.1600.00-2
bc/timex2norm/CNN_IP_20030409.1600.04
bc/timex2norm/CNN_IP_20030417.1600.06
bc/timex2norm/CNN_IP_20030329.1600.01-1
bc/timex2norm/CNN_IP_20030405.1600.02
bc/timex2norm/CNN_IP_20030328.1600.07
bc/timex2norm/CNN_CF_20030305.1900.06-1
bc/timex2norm/CNN_IP_20030412.1600.03
bc/timex2norm/CNN_IP_20030330.1600.06
